<?xml version="1.0" encoding="UTF-8"?>
<!-- Generated by org.testng.reporters.JUnitReportReporter -->
<testsuite skipped="0" hostname="ojt15-PC" name="DriverFactory.AppTest" tests="1" failures="0" timestamp="7 Jan 2020 13:13:58 GMT" time="58.475" errors="0">
  <testcase name="startTest" time="58.475" classname="DriverFactory.AppTest"/>
</testsuite> <!-- DriverFactory.AppTest -->
