<?xml version="1.0" encoding="UTF-8"?>
<!-- Generated by org.testng.reporters.JUnitReportReporter -->
<testsuite hostname="ojt15-PC" name="DriverFactory.DriverScript" tests="1" failures="0" timestamp="9 Jan 2020 12:44:43 GMT" time="70.936" errors="0">
  <testcase name="ERP_Account" time="70.936" classname="DriverFactory.DriverScript"/>
</testsuite> <!-- DriverFactory.DriverScript -->
